# JRE version: OpenJDK Runtime Environment Temurin-17.0.6+10 (17.0.6+10) (build 17.0.6+10)
# Java VM: OpenJDK 64-Bit Server VM Temurin-17.0.6+10 (17.0.6+10, mixed mode, emulated-client, tiered, compressed oops, compressed class ptrs, g1 gc, windows-amd64)
GC Precious Log:
 CPUs: 4 total, 4 available
 Memory: 1931M
 Large Page Support: Disabled
 NUMA Support: Disabled
 Compressed Oops: Enabled (32-bit)
 Heap Region Size: 1M
 Heap Min Capacity: 8M
 Heap Initial Capacity: 32M
 Heap Max Capacity: 1G
 Pre-touch: Disabled
 Parallel Workers: 4
 Concurrent Workers: 1
 Concurrent Refinement Workers: 4
 Periodic GC: Disabled
Heap:
 garbage-first heap   total 260096K, used 136810K [0x00000000c0000000, 0x0000000100000000)
  region size 1024K, 13 young (13312K), 13 survivors (13312K)
 Metaspace       used 48237K, committed 48640K, reserved 1097728K
  class space    used 6072K, committed 6272K, reserved 1048576K
GC Heap History (20 events):
Event: 139.203 GC heap after
{Heap after GC invocations=40 (full 0):
 garbage-first heap   total 246784K, used 97705K [0x00000000c0000000, 0x0000000100000000)
  region size 1024K, 7 young (7168K), 7 survivors (7168K)
 Metaspace       used 43045K, committed 43520K, reserved 1089536K
  class space    used 5394K, committed 5632K, reserved 1048576K
}
Event: 139.721 GC heap before
{Heap before GC invocations=40 (full 0):
 garbage-first heap   total 246784K, used 194985K [0x00000000c0000000, 0x0000000100000000)
  region size 1024K, 103 young (105472K), 7 survivors (7168K)
 Metaspace       used 43751K, committed 44224K, reserved 1089536K
  class space    used 5491K, committed 5696K, reserved 1048576K
}
Event: 139.739 GC heap after
{Heap after GC invocations=41 (full 0):
 garbage-first heap   total 246784K, used 101464K [0x00000000c0000000, 0x0000000100000000)
  region size 1024K, 11 young (11264K), 11 survivors (11264K)
 Metaspace       used 43751K, committed 44224K, reserved 1089536K
  class space    used 5491K, committed 5696K, reserved 1048576K
}
Event: 140.829 GC heap before
{Heap before GC invocations=41 (full 0):
 garbage-first heap   total 246784K, used 199768K [0x00000000c0000000, 0x0000000100000000)
  region size 1024K, 108 young (110592K), 11 survivors (11264K)
 Metaspace       used 44313K, committed 44736K, reserved 1089536K
  class space    used 5570K, committed 5760K, reserved 1048576K
}
Event: 140.856 GC heap after
{Heap after GC invocations=42 (full 0):
 garbage-first heap   total 246784K, used 106247K [0x00000000c0000000, 0x0000000100000000)
  region size 1024K, 9 young (9216K), 9 survivors (9216K)
 Metaspace       used 44313K, committed 44736K, reserved 1089536K
  class space    used 5570K, committed 5760K, reserved 1048576K
}
Event: 141.547 GC heap before
{Heap before GC invocations=42 (full 0):
 garbage-first heap   total 246784K, used 202503K [0x00000000c0000000, 0x0000000100000000)
  region size 1024K, 104 young (106496K), 9 survivors (9216K)
 Metaspace       used 45011K, committed 45376K, reserved 1089536K
  class space    used 5651K, committed 5824K, reserved 1048576K
}
Event: 141.569 GC heap after
{Heap after GC invocations=43 (full 0):
 garbage-first heap   total 246784K, used 110320K [0x00000000c0000000, 0x0000000100000000)
  region size 1024K, 9 young (9216K), 9 survivors (9216K)
 Metaspace       used 45011K, committed 45376K, reserved 1089536K
  class space    used 5651K, committed 5824K, reserved 1048576K
}
Event: 141.993 GC heap before
{Heap before GC invocations=43 (full 0):
 garbage-first heap   total 246784K, used 204528K [0x00000000c0000000, 0x0000000100000000)
  region size 1024K, 102 young (104448K), 9 survivors (9216K)
 Metaspace       used 45535K, committed 45888K, reserved 1089536K
  class space    used 5725K, committed 5888K, reserved 1048576K
}
Event: 142.015 GC heap after
{Heap after GC invocations=44 (full 0):
 garbage-first heap   total 246784K, used 114280K [0x00000000c0000000, 0x0000000100000000)
  region size 1024K, 8 young (8192K), 8 survivors (8192K)
 Metaspace       used 45535K, committed 45888K, reserved 1089536K
  class space    used 5725K, committed 5888K, reserved 1048576K
}
Event: 142.738 GC heap before
{Heap before GC invocations=45 (full 0):
 garbage-first heap   total 260096K, used 203368K [0x00000000c0000000, 0x0000000100000000)
  region size 1024K, 98 young (100352K), 8 survivors (8192K)
 Metaspace       used 45722K, committed 46080K, reserved 1089536K
  class space    used 5750K, committed 5888K, reserved 1048576K
}
Event: 142.762 GC heap after
{Heap after GC invocations=46 (full 0):
 garbage-first heap   total 260096K, used 116926K [0x00000000c0000000, 0x0000000100000000)
  region size 1024K, 9 young (9216K), 9 survivors (9216K)
 Metaspace       used 45722K, committed 46080K, reserved 1089536K
  class space    used 5750K, committed 5888K, reserved 1048576K
}
Event: 142.843 GC heap before
{Heap before GC invocations=46 (full 0):
 garbage-first heap   total 260096K, used 118974K [0x00000000c0000000, 0x0000000100000000)
  region size 1024K, 12 young (12288K), 9 survivors (9216K)
 Metaspace       used 45777K, committed 46208K, reserved 1089536K
  class space    used 5763K, committed 5952K, reserved 1048576K
}
Event: 142.870 GC heap after
{Heap after GC invocations=47 (full 0):
 garbage-first heap   total 260096K, used 115460K [0x00000000c0000000, 0x0000000100000000)
  region size 1024K, 2 young (2048K), 2 survivors (2048K)
 Metaspace       used 45777K, committed 46208K, reserved 1089536K
  class space    used 5763K, committed 5952K, reserved 1048576K
}
Event: 143.645 GC heap before
{Heap before GC invocations=47 (full 0):
 garbage-first heap   total 260096K, used 215812K [0x00000000c0000000, 0x0000000100000000)
  region size 1024K, 101 young (103424K), 2 survivors (2048K)
 Metaspace       used 46647K, committed 47040K, reserved 1097728K
  class space    used 5870K, committed 6080K, reserved 1048576K
}
Event: 143.658 GC heap after
{Heap after GC invocations=48 (full 0):
 garbage-first heap   total 260096K, used 118775K [0x00000000c0000000, 0x0000000100000000)
  region size 1024K, 5 young (5120K), 5 survivors (5120K)
 Metaspace       used 46647K, committed 47040K, reserved 1097728K
  class space    used 5870K, committed 6080K, reserved 1048576K
}
Event: 144.124 GC heap before
{Heap before GC invocations=48 (full 0):
 garbage-first heap   total 260096K, used 217079K [0x00000000c0000000, 0x0000000100000000)
  region size 1024K, 102 young (104448K), 5 survivors (5120K)
 Metaspace       used 47831K, committed 48320K, reserved 1097728K
  class space    used 6031K, committed 6272K, reserved 1048576K
}
Event: 144.141 GC heap after
{Heap after GC invocations=49 (full 0):
 garbage-first heap   total 260096K, used 123015K [0x00000000c0000000, 0x0000000100000000)
  region size 1024K, 9 young (9216K), 9 survivors (9216K)
 Metaspace       used 47831K, committed 48320K, reserved 1097728K
  class space    used 6031K, committed 6272K, reserved 1048576K
}
Event: 144.678 GC heap before
{Heap before GC invocations=49 (full 0):
 garbage-first heap   total 260096K, used 218247K [0x00000000c0000000, 0x0000000100000000)
  region size 1024K, 103 young (105472K), 9 survivors (9216K)
 Metaspace       used 47953K, committed 48448K, reserved 1097728K
  class space    used 6045K, committed 6272K, reserved 1048576K
}
Event: 144.705 GC heap after
{Heap after GC invocations=50 (full 0):
 garbage-first heap   total 260096K, used 129214K [0x00000000c0000000, 0x0000000100000000)
  region size 1024K, 11 young (11264K), 11 survivors (11264K)
 Metaspace       used 47953K, committed 48448K, reserved 1097728K
  class space    used 6045K, committed 6272K, reserved 1048576K
}
Event: 144.947 GC heap before
{Heap before GC invocations=50 (full 0):
 garbage-first heap   total 260096K, used 219326K [0x00000000c0000000, 0x0000000100000000)
  region size 1024K, 100 young (102400K), 11 survivors (11264K)
 Metaspace       used 48237K, committed 48640K, reserved 1097728K
  class space    used 6072K, committed 6272K, reserved 1048576K
}

