# JRE version: OpenJDK Runtime Environment Temurin-17.0.6+10 (17.0.6+10) (build 17.0.6+10)
# Java VM: OpenJDK 64-Bit Server VM Temurin-17.0.6+10 (17.0.6+10, mixed mode, emulated-client, tiered, compressed oops, compressed class ptrs, g1 gc, windows-amd64)
GC Precious Log:
 CPUs: 4 total, 4 available
 Memory: 1931M
 Large Page Support: Disabled
 NUMA Support: Disabled
 Compressed Oops: Enabled (32-bit)
 Heap Region Size: 1M
 Heap Min Capacity: 8M
 Heap Initial Capacity: 32M
 Heap Max Capacity: 1G
 Pre-touch: Disabled
 Parallel Workers: 4
 Concurrent Workers: 1
 Concurrent Refinement Workers: 4
 Periodic GC: Disabled
Heap:
 garbage-first heap   total 39936K, used 18721K [0x00000000c0000000, 0x0000000100000000)
  region size 1024K, 3 young (3072K), 2 survivors (2048K)
 Metaspace       used 34613K, committed 35008K, reserved 1081344K
  class space    used 4502K, committed 4672K, reserved 1048576K
GC Heap History (20 events):
Event: 6.446 GC heap before
{Heap before GC invocations=3 (full 0):
 garbage-first heap   total 32768K, used 17185K [0x00000000c0000000, 0x0000000100000000)
  region size 1024K, 11 young (11264K), 2 survivors (2048K)
 Metaspace       used 13891K, committed 14080K, reserved 1064960K
  class space    used 1726K, committed 1856K, reserved 1048576K
}
Event: 6.458 GC heap after
{Heap after GC invocations=4 (full 0):
 garbage-first heap   total 32768K, used 8710K [0x00000000c0000000, 0x0000000100000000)
  region size 1024K, 2 young (2048K), 2 survivors (2048K)
 Metaspace       used 13891K, committed 14080K, reserved 1064960K
  class space    used 1726K, committed 1856K, reserved 1048576K
}
Event: 7.491 GC heap before
{Heap before GC invocations=4 (full 0):
 garbage-first heap   total 32768K, used 17926K [0x00000000c0000000, 0x0000000100000000)
  region size 1024K, 12 young (12288K), 2 survivors (2048K)
 Metaspace       used 16730K, committed 17024K, reserved 1064960K
  class space    used 2095K, committed 2240K, reserved 1048576K
}
Event: 7.507 GC heap after
{Heap after GC invocations=5 (full 0):
 garbage-first heap   total 32768K, used 10180K [0x00000000c0000000, 0x0000000100000000)
  region size 1024K, 2 young (2048K), 2 survivors (2048K)
 Metaspace       used 16730K, committed 17024K, reserved 1064960K
  class space    used 2095K, committed 2240K, reserved 1048576K
}
Event: 7.929 GC heap before
{Heap before GC invocations=5 (full 0):
 garbage-first heap   total 32768K, used 19396K [0x00000000c0000000, 0x0000000100000000)
  region size 1024K, 12 young (12288K), 2 survivors (2048K)
 Metaspace       used 18973K, committed 19200K, reserved 1073152K
  class space    used 2346K, committed 2432K, reserved 1048576K
}
Event: 7.938 GC heap after
{Heap after GC invocations=6 (full 0):
 garbage-first heap   total 32768K, used 10780K [0x00000000c0000000, 0x0000000100000000)
  region size 1024K, 1 young (1024K), 1 survivors (1024K)
 Metaspace       used 18973K, committed 19200K, reserved 1073152K
  class space    used 2346K, committed 2432K, reserved 1048576K
}
Event: 8.393 GC heap before
{Heap before GC invocations=6 (full 0):
 garbage-first heap   total 32768K, used 18972K [0x00000000c0000000, 0x0000000100000000)
  region size 1024K, 10 young (10240K), 1 survivors (1024K)
 Metaspace       used 21371K, committed 21504K, reserved 1073152K
  class space    used 2630K, committed 2688K, reserved 1048576K
}
Event: 8.401 GC heap after
{Heap after GC invocations=7 (full 0):
 garbage-first heap   total 32768K, used 11710K [0x00000000c0000000, 0x0000000100000000)
  region size 1024K, 2 young (2048K), 2 survivors (2048K)
 Metaspace       used 21371K, committed 21504K, reserved 1073152K
  class space    used 2630K, committed 2688K, reserved 1048576K
}
Event: 8.840 GC heap before
{Heap before GC invocations=8 (full 0):
 garbage-first heap   total 32768K, used 20926K [0x00000000c0000000, 0x0000000100000000)
  region size 1024K, 12 young (12288K), 2 survivors (2048K)
 Metaspace       used 23545K, committed 23808K, reserved 1073152K
  class space    used 2953K, committed 3072K, reserved 1048576K
}
Event: 8.848 GC heap after
{Heap after GC invocations=9 (full 0):
 garbage-first heap   total 32768K, used 12251K [0x00000000c0000000, 0x0000000100000000)
  region size 1024K, 1 young (1024K), 1 survivors (1024K)
 Metaspace       used 23545K, committed 23808K, reserved 1073152K
  class space    used 2953K, committed 3072K, reserved 1048576K
}
Event: 9.491 GC heap before
{Heap before GC invocations=9 (full 0):
 garbage-first heap   total 32768K, used 21467K [0x00000000c0000000, 0x0000000100000000)
  region size 1024K, 11 young (11264K), 1 survivors (1024K)
 Metaspace       used 24800K, committed 25088K, reserved 1073152K
  class space    used 3078K, committed 3200K, reserved 1048576K
}
Event: 9.497 GC heap after
{Heap after GC invocations=10 (full 0):
 garbage-first heap   total 39936K, used 13278K [0x00000000c0000000, 0x0000000100000000)
  region size 1024K, 2 young (2048K), 2 survivors (2048K)
 Metaspace       used 24800K, committed 25088K, reserved 1073152K
  class space    used 3078K, committed 3200K, reserved 1048576K
}
Event: 10.898 GC heap before
{Heap before GC invocations=10 (full 0):
 garbage-first heap   total 39936K, used 27614K [0x00000000c0000000, 0x0000000100000000)
  region size 1024K, 17 young (17408K), 2 survivors (2048K)
 Metaspace       used 27459K, committed 27776K, reserved 1073152K
  class space    used 3444K, committed 3584K, reserved 1048576K
}
Event: 10.912 GC heap after
{Heap after GC invocations=11 (full 0):
 garbage-first heap   total 39936K, used 14128K [0x00000000c0000000, 0x0000000100000000)
  region size 1024K, 3 young (3072K), 3 survivors (3072K)
 Metaspace       used 27459K, committed 27776K, reserved 1073152K
  class space    used 3444K, committed 3584K, reserved 1048576K
}
Event: 11.720 GC heap before
{Heap before GC invocations=11 (full 0):
 garbage-first heap   total 39936K, used 28464K [0x00000000c0000000, 0x0000000100000000)
  region size 1024K, 18 young (18432K), 3 survivors (3072K)
 Metaspace       used 29440K, committed 29824K, reserved 1081344K
  class space    used 3749K, committed 3904K, reserved 1048576K
}
Event: 11.740 GC heap after
{Heap after GC invocations=12 (full 0):
 garbage-first heap   total 39936K, used 16014K [0x00000000c0000000, 0x0000000100000000)
  region size 1024K, 3 young (3072K), 3 survivors (3072K)
 Metaspace       used 29440K, committed 29824K, reserved 1081344K
  class space    used 3749K, committed 3904K, reserved 1048576K
}
Event: 12.936 GC heap before
{Heap before GC invocations=12 (full 0):
 garbage-first heap   total 39936K, used 30350K [0x00000000c0000000, 0x0000000100000000)
  region size 1024K, 17 young (17408K), 3 survivors (3072K)
 Metaspace       used 32347K, committed 32704K, reserved 1081344K
  class space    used 4152K, committed 4288K, reserved 1048576K
}
Event: 12.960 GC heap after
{Heap after GC invocations=13 (full 0):
 garbage-first heap   total 39936K, used 17200K [0x00000000c0000000, 0x0000000100000000)
  region size 1024K, 2 young (2048K), 2 survivors (2048K)
 Metaspace       used 32347K, committed 32704K, reserved 1081344K
  class space    used 4152K, committed 4288K, reserved 1048576K
}
Event: 14.839 GC heap before
{Heap before GC invocations=13 (full 0):
 garbage-first heap   total 39936K, used 29488K [0x00000000c0000000, 0x0000000100000000)
  region size 1024K, 14 young (14336K), 2 survivors (2048K)
 Metaspace       used 34529K, committed 34880K, reserved 1081344K
  class space    used 4489K, committed 4672K, reserved 1048576K
}
Event: 14.850 GC heap after
{Heap after GC invocations=14 (full 0):
 garbage-first heap   total 39936K, used 18721K [0x00000000c0000000, 0x0000000100000000)
  region size 1024K, 2 young (2048K), 2 survivors (2048K)
 Metaspace       used 34529K, committed 34880K, reserved 1081344K
  class space    used 4489K, committed 4672K, reserved 1048576K
}

